<?xml version="1.0" encoding="UTF-8"?>
<!-- Generated by org.testng.reporters.JUnitReportReporter -->
<testsuite hostname="Dell-PC" name="com.NewToursDemoAut.NewTourApplication_Login" tests="2" failures="0" timestamp="23 Nov 2017 15:35:53 GMT" time="4.704" errors="0">
  <testcase name="LogIn" time="3.881" classname="com.NewToursDemoAut.NewTourApplication_Login"/>
  <testcase name="Register" time="0.823" classname="com.NewToursDemoAut.NewTourApplication_Login"/>
</testsuite> <!-- com.NewToursDemoAut.NewTourApplication_Login -->
