<?xml version="1.0" encoding="UTF-8"?>
<!-- Generated by org.testng.reporters.JUnitReportReporter -->
<testsuite hostname="Dell-PC" name="comTestNGAnnotations.Annotations2" tests="2" failures="0" timestamp="21 Nov 2017 18:13:37 GMT" time="0.024" errors="0">
  <testcase name="Inbox" time="0.017" classname="comTestNGAnnotations.Annotations2"/>
  <testcase name="ComposeMail" time="0.007" classname="comTestNGAnnotations.Annotations2"/>
</testsuite> <!-- comTestNGAnnotations.Annotations2 -->
