<?xml version="1.0" encoding="UTF-8"?>
<!-- Generated by org.testng.reporters.JUnitReportReporter -->
<testsuite hostname="Dell-PC" name="com.NewToursDemoAut.NewTours_Multiple_Registration" tests="2" failures="0" timestamp="30 Nov 2017 05:29:30 GMT" time="40.485" errors="0">
  <testcase name="EnterUserData" time="34.590" classname="com.NewToursDemoAut.NewTours_Multiple_Registration"/>
  <testcase name="Registration" time="5.895" classname="com.NewToursDemoAut.NewTours_Multiple_Registration"/>
</testsuite> <!-- com.NewToursDemoAut.NewTours_Multiple_Registration -->
