<?xml version="1.0" encoding="UTF-8"?>
<!-- Generated by org.testng.reporters.JUnitReportReporter -->
<testsuite hostname="Dell-PC" name="comTestNGAnnotations.Annottions1" tests="2" failures="0" timestamp="21 Nov 2017 17:53:01 GMT" time="0.012" errors="0">
  <testcase name="BrowserLaunch" time="0.010" classname="comTestNGAnnotations.Annottions1"/>
  <testcase name="Login" time="0.002" classname="comTestNGAnnotations.Annottions1"/>
</testsuite> <!-- comTestNGAnnotations.Annottions1 -->
