<?xml version="1.0" encoding="UTF-8"?>
<!-- Generated by org.testng.reporters.JUnitReportReporter -->
<testsuite hostname="Dell-PC" name="comTestNGAnnotations.Annotations3" tests="2" failures="0" timestamp="21 Nov 2017 18:38:33 GMT" time="0.010" errors="0">
  <testcase name="ComposeMail" time="0.005" classname="comTestNGAnnotations.Annotations3"/>
  <testcase name="Inbox" time="0.005" classname="comTestNGAnnotations.Annotations3"/>
</testsuite> <!-- comTestNGAnnotations.Annotations3 -->
