<?xml version="1.0" encoding="UTF-8"?>
<!-- Generated by org.testng.reporters.JUnitReportReporter -->
<testsuite hostname="Dell-PC" name="com.Keyword_Login.NewTours_Login_keyword" tests="1" failures="0" timestamp="30 Nov 2017 05:29:30 GMT" time="13.079" errors="0">
  <testcase name="Login" time="13.079" classname="com.Keyword_Login.NewTours_Login_keyword"/>
</testsuite> <!-- com.Keyword_Login.NewTours_Login_keyword -->
