<?xml version="1.0" encoding="UTF-8"?>
<!-- Generated by org.testng.reporters.JUnitReportReporter -->
<testsuite hostname="Dell-PC" name="com.POM.NewToursHomePagetesting" tests="1" failures="0" timestamp="30 Nov 2017 05:29:30 GMT" time="36.482" errors="0">
  <testcase name="HomePageTesting" time="36.482" classname="com.POM.NewToursHomePagetesting"/>
</testsuite> <!-- com.POM.NewToursHomePagetesting -->
