<?xml version="1.0" encoding="UTF-8"?>
<!-- Generated by org.testng.reporters.JUnitReportReporter -->
<testsuite hostname="Dell-PC" name="com.NewToursDemoAut.NewtourApplication_Register" tests="1" failures="0" timestamp="22 Nov 2017 18:41:54 GMT" time="4.282" errors="0">
  <testcase name="Register" time="4.282" classname="com.NewToursDemoAut.NewtourApplication_Register"/>
</testsuite> <!-- com.NewToursDemoAut.NewtourApplication_Register -->
