<?xml version="1.0" encoding="UTF-8"?>
<!-- Generated by org.testng.reporters.JUnitReportReporter -->
<testsuite hostname="Dell-PC" name="com.DropdownFunction.Dropdown_Newtours" tests="2" failures="0" timestamp="28 Nov 2017 19:57:18 GMT" time="1.535" errors="0">
  <testcase name="Register" time="1.471" classname="com.DropdownFunction.Dropdown_Newtours"/>
  <testcase name="DropDown" time="0.064" classname="com.DropdownFunction.Dropdown_Newtours"/>
</testsuite> <!-- com.DropdownFunction.Dropdown_Newtours -->
